build/app/outputs/mapping/release/mapping.txt
# compiler: R8
# compiler_version: 2.1.62
# min_api: 24
# pg_map_id: ebbe7fd
# common_typos_disable
...
androidx.media.MediaBrowserServiceCompat$4 -> androidx.media.MediaBrowserServiceCompat$4:
    android.support.v4.os.ResultReceiver val$receiver -> a
    void onErrorSent(android.os.Bundle) -> c
    void onProgressUpdateSent(android.os.Bundle) -> d
    void onResultSent(java.lang.Object) -> e
    void onResultSent(android.os.Bundle) -> g
androidx.media.MediaBrowserServiceCompat$BrowserRoot -> androidx.media.MediaBrowserServiceCompat$BrowserRoot:
    java.lang.String access$000(androidx.media.MediaBrowserServiceCompat$BrowserRoot) -> a
    android.os.Bundle access$100(androidx.media.MediaBrowserServiceCompat$BrowserRoot) -> b
androidx.media.MediaBrowserServiceCompat$ConnectionRecord -> androidx.media.MediaBrowserServiceCompat$ConnectionRecord:
    androidx.media.MediaBrowserServiceCompat this$0 -> a
androidx.media.MediaBrowserServiceCompat$ConnectionRecord$1 -> androidx.media.MediaBrowserServiceCompat$ConnectionRecord$1:
    androidx.media.MediaBrowserServiceCompat$ConnectionRecord this$1 -> a
androidx.media.MediaBrowserServiceCompat$MediaBrowserServiceImplApi21 -> androidx.media.MediaBrowserServiceCompat$MediaBrowserServiceImplApi21:
    java.util.List mRootExtrasList -> a
    android.service.media.MediaBrowserService mServiceFwk -> b
    android.os.Messenger mMessenger -> c
    androidx.media.MediaBrowserServiceCompat this$0 -> d
    void notifyChildrenChangedForCompat(androidx.media.MediaSessionManager$RemoteUserInfo,java.lang.String,android.os.Bundle) -> a
    void notifyChildrenChangedForCompat(java.lang.String,android.os.Bundle) -> b
    void notifyChildrenChangedForCompatOnHandler(androidx.media.MediaBrowserServiceCompat$ConnectionRecord,java.lang.String,android.os.Bundle) -> c
    void notifyChildrenChangedForFramework(java.lang.String,android.os.Bundle) -> d
androidx.media.MediaBrowserServiceCompat$MediaBrowserServiceImplApi21$1 -> androidx.media.MediaBrowserServiceCompat$MediaBrowserServiceImplApi21$1:
    androidx.media.MediaBrowserServiceCompat$MediaBrowserServiceImplApi21 this$1 -> b
    android.support.v4.media.session.MediaSessionCompat$Token val$token -> a
androidx.media.MediaBrowserServiceCompat$MediaBrowserServiceImplApi21$2 -> androidx.media.MediaBrowserServiceCompat$MediaBrowserServiceImplApi21$2:
    androidx.media.MediaBrowserServiceCompat$ResultWrapper val$resultWrapper -> a
    void onResultSent(java.lang.Object) -> e
    void onResultSent(java.util.List) -> g
androidx.media.MediaBrowserServiceCompat$MediaBrowserServiceImplApi21$3 -> androidx.media.MediaBrowserServiceCompat$MediaBrowserServiceImplApi21$3:
    androidx.media.MediaBrowserServiceCompat$MediaBrowserServiceImplApi21 this$1 -> c
    android.os.Bundle val$options -> b
    java.lang.String val$parentId -> a
androidx.media.MediaBrowserServiceCompat$MediaBrowserServiceImplApi21$4 -> androidx.media.MediaBrowserServiceCompat$MediaBrowserServiceImplApi21$4:
    androidx.media.MediaBrowserServiceCompat$MediaBrowserServiceImplApi21 this$1 -> d
    android.os.Bundle val$options -> c
    androidx.media.MediaSessionManager$RemoteUserInfo val$remoteUserInfo -> a
    java.lang.String val$parentId -> b
androidx.media.MediaBrowserServiceCompat$MediaBrowserServiceImplApi21$MediaBrowserServiceApi21 -> androidx.media.MediaBrowserServiceCompat$MediaBrowserServiceImplApi21$MediaBrowserServiceApi21:
    androidx.media.MediaBrowserServiceCompat$MediaBrowserServiceImplApi21 this$1 -> a
androidx.media.MediaBrowserServiceCompat$MediaBrowserServiceImplApi23 -> androidx.media.MediaBrowserServiceCompat$MediaBrowserServiceImplApi23:
    androidx.media.MediaBrowserServiceCompat this$0 -> e
androidx.media.MediaBrowserServiceCompat$MediaBrowserServiceImplApi23$1 -> androidx.media.MediaBrowserServiceCompat$MediaBrowserServiceImplApi23$1:
    androidx.media.MediaBrowserServiceCompat$ResultWrapper val$resultWrapper -> a
    void onResultSent(java.lang.Object) -> e
    void onResultSent(android.support.v4.media.MediaBrowserCompat$MediaItem) -> g