build/app/outputs/mapping/release/usage.txt
com.google.common.collect.AbstractMapBasedMultimap$RandomAccessWrappedList:
    final synthetic com.google.common.collect.AbstractMapBasedMultimap this$0
androidx.media.MediaBrowserServiceCompat$2:
    final synthetic androidx.media.MediaBrowserServiceCompat this$0
com.bluechilli.flutteruploader.FlutterUploaderPlugin$UploadCompletedObserver$1:
    final synthetic com.bluechilli.flutteruploader.FlutterUploaderPlugin$UploadCompletedObserver this$0
com.bluechilli.flutteruploader.CountingRequestBody$CountingSink:
    final synthetic com.bluechilli.flutteruploader.CountingRequestBody this$0
androidx.core.util.LruCacheKt$lruCache$4:
    final synthetic int $maxSize
com.google.gson.internal.ConstructorConstructor$14:
    final synthetic com.google.gson.internal.ConstructorConstructor this$0
com.google.common.util.concurrent.CycleDetectingLockFactory$CycleDetectingReentrantReadWriteLock:
    final synthetic com.google.common.util.concurrent.CycleDetectingLockFactory this$0
com.google.common.collect.StandardTable$Row$2:
    final synthetic com.google.common.collect.StandardTable$Row this$1
com.android.billingclient.api.zzy:
    final synthetic com.android.billingclient.api.BillingFlowParams zzd
com.google.common.collect.ImmutableSortedSet$SerializedForm:
    final java.util.Comparator comparator
androidx.media.MediaBrowserServiceCompat$3:
    final synthetic androidx.media.MediaBrowserServiceCompat this$0
com.tekartik.sqflite.Database$1:
    final synthetic com.tekartik.sqflite.Database this$0
com.google.common.collect.ForwardingNavigableSet$StandardDescendingSet:
    final synthetic com.google.common.collect.ForwardingNavigableSet this$0
androidx.appcompat.widget.AppCompatSpinner$DropdownPopup$1:
    final synthetic androidx.appcompat.widget.AppCompatSpinner val$this$0
androidx.media.MediaBrowserServiceCompat$4:
    final synthetic androidx.media.MediaBrowserServiceCompat this$0
com.google.gson.Gson$2:
    final synthetic com.google.gson.Gson this$0
kotlinx.coroutines.selects.SelectBuilderImpl$disposeOnSelect$$inlined$addLastIf$1:
    final synthetic kotlinx.coroutines.internal.LockFreeLinkedListNode $node
androidx.core.view.ViewPropertyAnimatorCompat$1:
    final synthetic androidx.core.view.ViewPropertyAnimatorCompat this$0
kotlin.sequences.IndexingSequence$iterator$1:
    final synthetic kotlin.sequences.IndexingSequence this$0
com.google.common.util.concurrent.AbstractScheduledService$1:
    final synthetic com.google.common.util.concurrent.AbstractScheduledService this$0
com.google.common.cache.LocalCache$AbstractCacheSet:
    final synthetic com.google.common.cache.LocalCache this$0
androidx.work.impl.WorkManagerImpl$2:
    final synthetic androidx.work.impl.WorkManagerImpl this$0
androidx.core.view.ViewPropertyAnimatorCompat$2:
    final synthetic androidx.core.view.ViewPropertyAnimatorCompat this$0
androidx.appcompat.view.menu.MenuItemWrapperICS$ActionProviderWrapperJB:
    final synthetic androidx.appcompat.view.menu.MenuItemWrapperICS this$0
com.google.common.collect.ForwardingSortedMultiset$StandardElementSet:
    final synthetic com.google.common.collect.ForwardingSortedMultiset this$0
androidx.fragment.app.FragmentManager$4:
    final synthetic androidx.fragment.app.FragmentManager this$0
androidx.lifecycle.Lifecycle:
    java.util.concurrent.atomic.AtomicReference mInternalScopeRef
com.google.android.exoplayer2.audio.DefaultAudioSink$StreamEventCallbackV29$1:
    final synthetic com.google.android.exoplayer2.audio.DefaultAudioSink val$this$0
com.google.gson.internal.LinkedHashTreeMap$KeySet$1:
    final synthetic com.google.gson.internal.LinkedHashTreeMap$KeySet this$1
kotlinx.coroutines.sync.MutexImpl$TryLockDesc$PrepareOp:
    final synthetic kotlinx.coroutines.sync.MutexImpl$TryLockDesc this$0
com.google.common.collect.FilteredKeySetMultimap$EntrySet:
    final synthetic com.google.common.collect.FilteredKeySetMultimap this$0